

Started GET "/" for 127.0.0.1 at 2014-11-19 01:20:54 -0600

Gem::LoadError (Specified 'sqlite3' for database adapter, but the gem is not loaded. Add `gem 'sqlite3'` to your Gemfile (and ensure its version is at the minimum required by ActiveRecord).):
  activerecord (4.1.6) lib/active_record/connection_adapters/connection_specification.rb:190:in `rescue in spec'
  activerecord (4.1.6) lib/active_record/connection_adapters/connection_specification.rb:187:in `spec'
  activerecord (4.1.6) lib/active_record/connection_handling.rb:50:in `establish_connection'
  activerecord (4.1.6) lib/active_record/railtie.rb:129:in `block (2 levels) in <class:Railtie>'
  activesupport (4.1.6) lib/active_support/lazy_load_hooks.rb:38:in `instance_eval'
  activesupport (4.1.6) lib/active_support/lazy_load_hooks.rb:38:in `execute_hook'
  activesupport (4.1.6) lib/active_support/lazy_load_hooks.rb:45:in `block in run_load_hooks'
  activesupport (4.1.6) lib/active_support/lazy_load_hooks.rb:44:in `each'
  activesupport (4.1.6) lib/active_support/lazy_load_hooks.rb:44:in `run_load_hooks'
  activerecord (4.1.6) lib/active_record/base.rb:326:in `<module:ActiveRecord>'
  activerecord (4.1.6) lib/active_record/base.rb:23:in `<top (required)>'
  activerecord (4.1.6) lib/active_record/migration.rb:388:in `check_pending!'
  activerecord (4.1.6) lib/active_record/migration.rb:377:in `call'
  actionpack (4.1.6) lib/action_dispatch/middleware/callbacks.rb:29:in `block in call'
  activesupport (4.1.6) lib/active_support/callbacks.rb:82:in `run_callbacks'
  actionpack (4.1.6) lib/action_dispatch/middleware/callbacks.rb:27:in `call'
  actionpack (4.1.6) lib/action_dispatch/middleware/reloader.rb:73:in `call'
  actionpack (4.1.6) lib/action_dispatch/middleware/remote_ip.rb:76:in `call'
  actionpack (4.1.6) lib/action_dispatch/middleware/debug_exceptions.rb:17:in `call'
  actionpack (4.1.6) lib/action_dispatch/middleware/show_exceptions.rb:30:in `call'
  railties (4.1.6) lib/rails/rack/logger.rb:38:in `call_app'
  railties (4.1.6) lib/rails/rack/logger.rb:20:in `block in call'
  activesupport (4.1.6) lib/active_support/tagged_logging.rb:68:in `block in tagged'
  activesupport (4.1.6) lib/active_support/tagged_logging.rb:26:in `tagged'
  activesupport (4.1.6) lib/active_support/tagged_logging.rb:68:in `tagged'
  railties (4.1.6) lib/rails/rack/logger.rb:20:in `call'
  actionpack (4.1.6) lib/action_dispatch/middleware/request_id.rb:21:in `call'
  rack (1.5.2) lib/rack/methodoverride.rb:21:in `call'
  rack (1.5.2) lib/rack/runtime.rb:17:in `call'
  activesupport (4.1.6) lib/active_support/cache/strategy/local_cache_middleware.rb:26:in `call'
  rack (1.5.2) lib/rack/lock.rb:17:in `call'
  actionpack (4.1.6) lib/action_dispatch/middleware/static.rb:64:in `call'
  rack (1.5.2) lib/rack/sendfile.rb:112:in `call'
  railties (4.1.6) lib/rails/engine.rb:514:in `call'
  railties (4.1.6) lib/rails/application.rb:144:in `call'
  rack (1.5.2) lib/rack/lock.rb:17:in `call'
  rack (1.5.2) lib/rack/content_length.rb:14:in `call'
  rack (1.5.2) lib/rack/handler/webrick.rb:60:in `service'
  /usr/lib/ruby/2.1.0/webrick/httpserver.rb:138:in `service'
  /usr/lib/ruby/2.1.0/webrick/httpserver.rb:94:in `run'
  /usr/lib/ruby/2.1.0/webrick/server.rb:295:in `block in start_thread'


  Rendered /usr/lib/ruby/gems/2.1.0/gems/actionpack-4.1.6/lib/action_dispatch/middleware/templates/rescues/_source.erb (0.6ms)
  Rendered /usr/lib/ruby/gems/2.1.0/gems/actionpack-4.1.6/lib/action_dispatch/middleware/templates/rescues/_trace.html.erb (1.0ms)
  Rendered /usr/lib/ruby/gems/2.1.0/gems/actionpack-4.1.6/lib/action_dispatch/middleware/templates/rescues/_request_and_response.html.erb (0.9ms)
  Rendered /usr/lib/ruby/gems/2.1.0/gems/actionpack-4.1.6/lib/action_dispatch/middleware/templates/rescues/diagnostics.erb within rescues/layout (14.8ms)


Started GET "/" for 127.0.0.1 at 2014-11-19 01:20:56 -0600

Gem::LoadError (Specified 'sqlite3' for database adapter, but the gem is not loaded. Add `gem 'sqlite3'` to your Gemfile (and ensure its version is at the minimum required by ActiveRecord).):
  activerecord (4.1.6) lib/active_record/connection_adapters/connection_specification.rb:190:in `rescue in spec'
  activerecord (4.1.6) lib/active_record/connection_adapters/connection_specification.rb:187:in `spec'
  activerecord (4.1.6) lib/active_record/connection_handling.rb:50:in `establish_connection'
  activerecord (4.1.6) lib/active_record/railtie.rb:129:in `block (2 levels) in <class:Railtie>'
  activesupport (4.1.6) lib/active_support/lazy_load_hooks.rb:38:in `instance_eval'
  activesupport (4.1.6) lib/active_support/lazy_load_hooks.rb:38:in `execute_hook'
  activesupport (4.1.6) lib/active_support/lazy_load_hooks.rb:45:in `block in run_load_hooks'
  activesupport (4.1.6) lib/active_support/lazy_load_hooks.rb:44:in `each'
  activesupport (4.1.6) lib/active_support/lazy_load_hooks.rb:44:in `run_load_hooks'
  activerecord (4.1.6) lib/active_record/base.rb:326:in `<module:ActiveRecord>'
  activerecord (4.1.6) lib/active_record/base.rb:23:in `<top (required)>'
  activerecord (4.1.6) lib/active_record/migration.rb:388:in `check_pending!'
  activerecord (4.1.6) lib/active_record/migration.rb:377:in `call'
  actionpack (4.1.6) lib/action_dispatch/middleware/callbacks.rb:29:in `block in call'
  activesupport (4.1.6) lib/active_support/callbacks.rb:82:in `run_callbacks'
  actionpack (4.1.6) lib/action_dispatch/middleware/callbacks.rb:27:in `call'
  actionpack (4.1.6) lib/action_dispatch/middleware/reloader.rb:73:in `call'
  actionpack (4.1.6) lib/action_dispatch/middleware/remote_ip.rb:76:in `call'
  actionpack (4.1.6) lib/action_dispatch/middleware/debug_exceptions.rb:17:in `call'
  actionpack (4.1.6) lib/action_dispatch/middleware/show_exceptions.rb:30:in `call'
  railties (4.1.6) lib/rails/rack/logger.rb:38:in `call_app'
  railties (4.1.6) lib/rails/rack/logger.rb:20:in `block in call'
  activesupport (4.1.6) lib/active_support/tagged_logging.rb:68:in `block in tagged'
  activesupport (4.1.6) lib/active_support/tagged_logging.rb:26:in `tagged'
  activesupport (4.1.6) lib/active_support/tagged_logging.rb:68:in `tagged'
  railties (4.1.6) lib/rails/rack/logger.rb:20:in `call'
  actionpack (4.1.6) lib/action_dispatch/middleware/request_id.rb:21:in `call'
  rack (1.5.2) lib/rack/methodoverride.rb:21:in `call'
  rack (1.5.2) lib/rack/runtime.rb:17:in `call'
  activesupport (4.1.6) lib/active_support/cache/strategy/local_cache_middleware.rb:26:in `call'
  rack (1.5.2) lib/rack/lock.rb:17:in `call'
  actionpack (4.1.6) lib/action_dispatch/middleware/static.rb:64:in `call'
  rack (1.5.2) lib/rack/sendfile.rb:112:in `call'
  railties (4.1.6) lib/rails/engine.rb:514:in `call'
  railties (4.1.6) lib/rails/application.rb:144:in `call'
  rack (1.5.2) lib/rack/lock.rb:17:in `call'
  rack (1.5.2) lib/rack/content_length.rb:14:in `call'
  rack (1.5.2) lib/rack/handler/webrick.rb:60:in `service'
  /usr/lib/ruby/2.1.0/webrick/httpserver.rb:138:in `service'
  /usr/lib/ruby/2.1.0/webrick/httpserver.rb:94:in `run'
  /usr/lib/ruby/2.1.0/webrick/server.rb:295:in `block in start_thread'


  Rendered /usr/lib/ruby/gems/2.1.0/gems/actionpack-4.1.6/lib/action_dispatch/middleware/templates/rescues/_source.erb (0.5ms)
  Rendered /usr/lib/ruby/gems/2.1.0/gems/actionpack-4.1.6/lib/action_dispatch/middleware/templates/rescues/_trace.html.erb (1.1ms)
  Rendered /usr/lib/ruby/gems/2.1.0/gems/actionpack-4.1.6/lib/action_dispatch/middleware/templates/rescues/_request_and_response.html.erb (0.8ms)
  Rendered /usr/lib/ruby/gems/2.1.0/gems/actionpack-4.1.6/lib/action_dispatch/middleware/templates/rescues/diagnostics.erb within rescues/layout (13.0ms)


Started GET "/" for 127.0.0.1 at 2014-11-19 01:21:20 -0600

Gem::LoadError (Specified 'sqlite3' for database adapter, but the gem is not loaded. Add `gem 'sqlite3'` to your Gemfile (and ensure its version is at the minimum required by ActiveRecord).):
  activerecord (4.1.6) lib/active_record/connection_adapters/connection_specification.rb:190:in `rescue in spec'
  activerecord (4.1.6) lib/active_record/connection_adapters/connection_specification.rb:187:in `spec'
  activerecord (4.1.6) lib/active_record/connection_handling.rb:50:in `establish_connection'
  activerecord (4.1.6) lib/active_record/railtie.rb:129:in `block (2 levels) in <class:Railtie>'
  activesupport (4.1.6) lib/active_support/lazy_load_hooks.rb:38:in `instance_eval'
  activesupport (4.1.6) lib/active_support/lazy_load_hooks.rb:38:in `execute_hook'
  activesupport (4.1.6) lib/active_support/lazy_load_hooks.rb:45:in `block in run_load_hooks'
  activesupport (4.1.6) lib/active_support/lazy_load_hooks.rb:44:in `each'
  activesupport (4.1.6) lib/active_support/lazy_load_hooks.rb:44:in `run_load_hooks'
  activerecord (4.1.6) lib/active_record/base.rb:326:in `<module:ActiveRecord>'
  activerecord (4.1.6) lib/active_record/base.rb:23:in `<top (required)>'
  activerecord (4.1.6) lib/active_record/migration.rb:388:in `check_pending!'
  activerecord (4.1.6) lib/active_record/migration.rb:377:in `call'
  actionpack (4.1.6) lib/action_dispatch/middleware/callbacks.rb:29:in `block in call'
  activesupport (4.1.6) lib/active_support/callbacks.rb:82:in `run_callbacks'
  actionpack (4.1.6) lib/action_dispatch/middleware/callbacks.rb:27:in `call'
  actionpack (4.1.6) lib/action_dispatch/middleware/reloader.rb:73:in `call'
  actionpack (4.1.6) lib/action_dispatch/middleware/remote_ip.rb:76:in `call'
  actionpack (4.1.6) lib/action_dispatch/middleware/debug_exceptions.rb:17:in `call'
  actionpack (4.1.6) lib/action_dispatch/middleware/show_exceptions.rb:30:in `call'
  railties (4.1.6) lib/rails/rack/logger.rb:38:in `call_app'
  railties (4.1.6) lib/rails/rack/logger.rb:20:in `block in call'
  activesupport (4.1.6) lib/active_support/tagged_logging.rb:68:in `block in tagged'
  activesupport (4.1.6) lib/active_support/tagged_logging.rb:26:in `tagged'
  activesupport (4.1.6) lib/active_support/tagged_logging.rb:68:in `tagged'
  railties (4.1.6) lib/rails/rack/logger.rb:20:in `call'
  actionpack (4.1.6) lib/action_dispatch/middleware/request_id.rb:21:in `call'
  rack (1.5.2) lib/rack/methodoverride.rb:21:in `call'
  rack (1.5.2) lib/rack/runtime.rb:17:in `call'
  activesupport (4.1.6) lib/active_support/cache/strategy/local_cache_middleware.rb:26:in `call'
  rack (1.5.2) lib/rack/lock.rb:17:in `call'
  actionpack (4.1.6) lib/action_dispatch/middleware/static.rb:64:in `call'
  rack (1.5.2) lib/rack/sendfile.rb:112:in `call'
  railties (4.1.6) lib/rails/engine.rb:514:in `call'
  railties (4.1.6) lib/rails/application.rb:144:in `call'
  rack (1.5.2) lib/rack/lock.rb:17:in `call'
  rack (1.5.2) lib/rack/content_length.rb:14:in `call'
  rack (1.5.2) lib/rack/handler/webrick.rb:60:in `service'
  /usr/lib/ruby/2.1.0/webrick/httpserver.rb:138:in `service'
  /usr/lib/ruby/2.1.0/webrick/httpserver.rb:94:in `run'
  /usr/lib/ruby/2.1.0/webrick/server.rb:295:in `block in start_thread'


  Rendered /usr/lib/ruby/gems/2.1.0/gems/actionpack-4.1.6/lib/action_dispatch/middleware/templates/rescues/_source.erb (0.5ms)
  Rendered /usr/lib/ruby/gems/2.1.0/gems/actionpack-4.1.6/lib/action_dispatch/middleware/templates/rescues/_trace.html.erb (1.2ms)
  Rendered /usr/lib/ruby/gems/2.1.0/gems/actionpack-4.1.6/lib/action_dispatch/middleware/templates/rescues/_request_and_response.html.erb (0.9ms)
  Rendered /usr/lib/ruby/gems/2.1.0/gems/actionpack-4.1.6/lib/action_dispatch/middleware/templates/rescues/diagnostics.erb within rescues/layout (13.4ms)


Started GET "/" for 127.0.0.1 at 2014-11-19 01:21:21 -0600

Gem::LoadError (Specified 'sqlite3' for database adapter, but the gem is not loaded. Add `gem 'sqlite3'` to your Gemfile (and ensure its version is at the minimum required by ActiveRecord).):
  activerecord (4.1.6) lib/active_record/connection_adapters/connection_specification.rb:190:in `rescue in spec'
  activerecord (4.1.6) lib/active_record/connection_adapters/connection_specification.rb:187:in `spec'
  activerecord (4.1.6) lib/active_record/connection_handling.rb:50:in `establish_connection'
  activerecord (4.1.6) lib/active_record/railtie.rb:129:in `block (2 levels) in <class:Railtie>'
  activesupport (4.1.6) lib/active_support/lazy_load_hooks.rb:38:in `instance_eval'
  activesupport (4.1.6) lib/active_support/lazy_load_hooks.rb:38:in `execute_hook'
  activesupport (4.1.6) lib/active_support/lazy_load_hooks.rb:45:in `block in run_load_hooks'
  activesupport (4.1.6) lib/active_support/lazy_load_hooks.rb:44:in `each'
  activesupport (4.1.6) lib/active_support/lazy_load_hooks.rb:44:in `run_load_hooks'
  activerecord (4.1.6) lib/active_record/base.rb:326:in `<module:ActiveRecord>'
  activerecord (4.1.6) lib/active_record/base.rb:23:in `<top (required)>'
  activerecord (4.1.6) lib/active_record/migration.rb:388:in `check_pending!'
  activerecord (4.1.6) lib/active_record/migration.rb:377:in `call'
  actionpack (4.1.6) lib/action_dispatch/middleware/callbacks.rb:29:in `block in call'
  activesupport (4.1.6) lib/active_support/callbacks.rb:82:in `run_callbacks'
  actionpack (4.1.6) lib/action_dispatch/middleware/callbacks.rb:27:in `call'
  actionpack (4.1.6) lib/action_dispatch/middleware/reloader.rb:73:in `call'
  actionpack (4.1.6) lib/action_dispatch/middleware/remote_ip.rb:76:in `call'
  actionpack (4.1.6) lib/action_dispatch/middleware/debug_exceptions.rb:17:in `call'
  actionpack (4.1.6) lib/action_dispatch/middleware/show_exceptions.rb:30:in `call'
  railties (4.1.6) lib/rails/rack/logger.rb:38:in `call_app'
  railties (4.1.6) lib/rails/rack/logger.rb:20:in `block in call'
  activesupport (4.1.6) lib/active_support/tagged_logging.rb:68:in `block in tagged'
  activesupport (4.1.6) lib/active_support/tagged_logging.rb:26:in `tagged'
  activesupport (4.1.6) lib/active_support/tagged_logging.rb:68:in `tagged'
  railties (4.1.6) lib/rails/rack/logger.rb:20:in `call'
  actionpack (4.1.6) lib/action_dispatch/middleware/request_id.rb:21:in `call'
  rack (1.5.2) lib/rack/methodoverride.rb:21:in `call'
  rack (1.5.2) lib/rack/runtime.rb:17:in `call'
  activesupport (4.1.6) lib/active_support/cache/strategy/local_cache_middleware.rb:26:in `call'
  rack (1.5.2) lib/rack/lock.rb:17:in `call'
  actionpack (4.1.6) lib/action_dispatch/middleware/static.rb:64:in `call'
  rack (1.5.2) lib/rack/sendfile.rb:112:in `call'
  railties (4.1.6) lib/rails/engine.rb:514:in `call'
  railties (4.1.6) lib/rails/application.rb:144:in `call'
  rack (1.5.2) lib/rack/lock.rb:17:in `call'
  rack (1.5.2) lib/rack/content_length.rb:14:in `call'
  rack (1.5.2) lib/rack/handler/webrick.rb:60:in `service'
  /usr/lib/ruby/2.1.0/webrick/httpserver.rb:138:in `service'
  /usr/lib/ruby/2.1.0/webrick/httpserver.rb:94:in `run'
  /usr/lib/ruby/2.1.0/webrick/server.rb:295:in `block in start_thread'


  Rendered /usr/lib/ruby/gems/2.1.0/gems/actionpack-4.1.6/lib/action_dispatch/middleware/templates/rescues/_source.erb (0.5ms)
  Rendered /usr/lib/ruby/gems/2.1.0/gems/actionpack-4.1.6/lib/action_dispatch/middleware/templates/rescues/_trace.html.erb (1.5ms)
  Rendered /usr/lib/ruby/gems/2.1.0/gems/actionpack-4.1.6/lib/action_dispatch/middleware/templates/rescues/_request_and_response.html.erb (0.8ms)
  Rendered /usr/lib/ruby/gems/2.1.0/gems/actionpack-4.1.6/lib/action_dispatch/middleware/templates/rescues/diagnostics.erb within rescues/layout (13.8ms)


Started GET "/" for 127.0.0.1 at 2014-11-19 01:21:22 -0600

Gem::LoadError (Specified 'sqlite3' for database adapter, but the gem is not loaded. Add `gem 'sqlite3'` to your Gemfile (and ensure its version is at the minimum required by ActiveRecord).):
  activerecord (4.1.6) lib/active_record/connection_adapters/connection_specification.rb:190:in `rescue in spec'
  activerecord (4.1.6) lib/active_record/connection_adapters/connection_specification.rb:187:in `spec'
  activerecord (4.1.6) lib/active_record/connection_handling.rb:50:in `establish_connection'
  activerecord (4.1.6) lib/active_record/railtie.rb:129:in `block (2 levels) in <class:Railtie>'
  activesupport (4.1.6) lib/active_support/lazy_load_hooks.rb:38:in `instance_eval'
  activesupport (4.1.6) lib/active_support/lazy_load_hooks.rb:38:in `execute_hook'
  activesupport (4.1.6) lib/active_support/lazy_load_hooks.rb:45:in `block in run_load_hooks'
  activesupport (4.1.6) lib/active_support/lazy_load_hooks.rb:44:in `each'
  activesupport (4.1.6) lib/active_support/lazy_load_hooks.rb:44:in `run_load_hooks'
  activerecord (4.1.6) lib/active_record/base.rb:326:in `<module:ActiveRecord>'
  activerecord (4.1.6) lib/active_record/base.rb:23:in `<top (required)>'
  activerecord (4.1.6) lib/active_record/migration.rb:388:in `check_pending!'
  activerecord (4.1.6) lib/active_record/migration.rb:377:in `call'
  actionpack (4.1.6) lib/action_dispatch/middleware/callbacks.rb:29:in `block in call'
  activesupport (4.1.6) lib/active_support/callbacks.rb:82:in `run_callbacks'
  actionpack (4.1.6) lib/action_dispatch/middleware/callbacks.rb:27:in `call'
  actionpack (4.1.6) lib/action_dispatch/middleware/reloader.rb:73:in `call'
  actionpack (4.1.6) lib/action_dispatch/middleware/remote_ip.rb:76:in `call'
  actionpack (4.1.6) lib/action_dispatch/middleware/debug_exceptions.rb:17:in `call'
  actionpack (4.1.6) lib/action_dispatch/middleware/show_exceptions.rb:30:in `call'
  railties (4.1.6) lib/rails/rack/logger.rb:38:in `call_app'
  railties (4.1.6) lib/rails/rack/logger.rb:20:in `block in call'
  activesupport (4.1.6) lib/active_support/tagged_logging.rb:68:in `block in tagged'
  activesupport (4.1.6) lib/active_support/tagged_logging.rb:26:in `tagged'
  activesupport (4.1.6) lib/active_support/tagged_logging.rb:68:in `tagged'
  railties (4.1.6) lib/rails/rack/logger.rb:20:in `call'
  actionpack (4.1.6) lib/action_dispatch/middleware/request_id.rb:21:in `call'
  rack (1.5.2) lib/rack/methodoverride.rb:21:in `call'
  rack (1.5.2) lib/rack/runtime.rb:17:in `call'
  activesupport (4.1.6) lib/active_support/cache/strategy/local_cache_middleware.rb:26:in `call'
  rack (1.5.2) lib/rack/lock.rb:17:in `call'
  actionpack (4.1.6) lib/action_dispatch/middleware/static.rb:64:in `call'
  rack (1.5.2) lib/rack/sendfile.rb:112:in `call'
  railties (4.1.6) lib/rails/engine.rb:514:in `call'
  railties (4.1.6) lib/rails/application.rb:144:in `call'
  rack (1.5.2) lib/rack/lock.rb:17:in `call'
  rack (1.5.2) lib/rack/content_length.rb:14:in `call'
  rack (1.5.2) lib/rack/handler/webrick.rb:60:in `service'
  /usr/lib/ruby/2.1.0/webrick/httpserver.rb:138:in `service'
  /usr/lib/ruby/2.1.0/webrick/httpserver.rb:94:in `run'
  /usr/lib/ruby/2.1.0/webrick/server.rb:295:in `block in start_thread'


  Rendered /usr/lib/ruby/gems/2.1.0/gems/actionpack-4.1.6/lib/action_dispatch/middleware/templates/rescues/_source.erb (0.5ms)
  Rendered /usr/lib/ruby/gems/2.1.0/gems/actionpack-4.1.6/lib/action_dispatch/middleware/templates/rescues/_trace.html.erb (1.0ms)
  Rendered /usr/lib/ruby/gems/2.1.0/gems/actionpack-4.1.6/lib/action_dispatch/middleware/templates/rescues/_request_and_response.html.erb (0.9ms)
  Rendered /usr/lib/ruby/gems/2.1.0/gems/actionpack-4.1.6/lib/action_dispatch/middleware/templates/rescues/diagnostics.erb within rescues/layout (12.9ms)


Started GET "/" for 127.0.0.1 at 2014-11-19 01:21:23 -0600

Gem::LoadError (Specified 'sqlite3' for database adapter, but the gem is not loaded. Add `gem 'sqlite3'` to your Gemfile (and ensure its version is at the minimum required by ActiveRecord).):
  activerecord (4.1.6) lib/active_record/connection_adapters/connection_specification.rb:190:in `rescue in spec'
  activerecord (4.1.6) lib/active_record/connection_adapters/connection_specification.rb:187:in `spec'
  activerecord (4.1.6) lib/active_record/connection_handling.rb:50:in `establish_connection'
  activerecord (4.1.6) lib/active_record/railtie.rb:129:in `block (2 levels) in <class:Railtie>'
  activesupport (4.1.6) lib/active_support/lazy_load_hooks.rb:38:in `instance_eval'
  activesupport (4.1.6) lib/active_support/lazy_load_hooks.rb:38:in `execute_hook'
  activesupport (4.1.6) lib/active_support/lazy_load_hooks.rb:45:in `block in run_load_hooks'
  activesupport (4.1.6) lib/active_support/lazy_load_hooks.rb:44:in `each'
  activesupport (4.1.6) lib/active_support/lazy_load_hooks.rb:44:in `run_load_hooks'
  activerecord (4.1.6) lib/active_record/base.rb:326:in `<module:ActiveRecord>'
  activerecord (4.1.6) lib/active_record/base.rb:23:in `<top (required)>'
  activerecord (4.1.6) lib/active_record/migration.rb:388:in `check_pending!'
  activerecord (4.1.6) lib/active_record/migration.rb:377:in `call'
  actionpack (4.1.6) lib/action_dispatch/middleware/callbacks.rb:29:in `block in call'
  activesupport (4.1.6) lib/active_support/callbacks.rb:82:in `run_callbacks'
  actionpack (4.1.6) lib/action_dispatch/middleware/callbacks.rb:27:in `call'
  actionpack (4.1.6) lib/action_dispatch/middleware/reloader.rb:73:in `call'
  actionpack (4.1.6) lib/action_dispatch/middleware/remote_ip.rb:76:in `call'
  actionpack (4.1.6) lib/action_dispatch/middleware/debug_exceptions.rb:17:in `call'
  actionpack (4.1.6) lib/action_dispatch/middleware/show_exceptions.rb:30:in `call'
  railties (4.1.6) lib/rails/rack/logger.rb:38:in `call_app'
  railties (4.1.6) lib/rails/rack/logger.rb:20:in `block in call'
  activesupport (4.1.6) lib/active_support/tagged_logging.rb:68:in `block in tagged'
  activesupport (4.1.6) lib/active_support/tagged_logging.rb:26:in `tagged'
  activesupport (4.1.6) lib/active_support/tagged_logging.rb:68:in `tagged'
  railties (4.1.6) lib/rails/rack/logger.rb:20:in `call'
  actionpack (4.1.6) lib/action_dispatch/middleware/request_id.rb:21:in `call'
  rack (1.5.2) lib/rack/methodoverride.rb:21:in `call'
  rack (1.5.2) lib/rack/runtime.rb:17:in `call'
  activesupport (4.1.6) lib/active_support/cache/strategy/local_cache_middleware.rb:26:in `call'
  rack (1.5.2) lib/rack/lock.rb:17:in `call'
  actionpack (4.1.6) lib/action_dispatch/middleware/static.rb:64:in `call'
  rack (1.5.2) lib/rack/sendfile.rb:112:in `call'
  railties (4.1.6) lib/rails/engine.rb:514:in `call'
  railties (4.1.6) lib/rails/application.rb:144:in `call'
  rack (1.5.2) lib/rack/lock.rb:17:in `call'
  rack (1.5.2) lib/rack/content_length.rb:14:in `call'
  rack (1.5.2) lib/rack/handler/webrick.rb:60:in `service'
  /usr/lib/ruby/2.1.0/webrick/httpserver.rb:138:in `service'
  /usr/lib/ruby/2.1.0/webrick/httpserver.rb:94:in `run'
  /usr/lib/ruby/2.1.0/webrick/server.rb:295:in `block in start_thread'


  Rendered /usr/lib/ruby/gems/2.1.0/gems/actionpack-4.1.6/lib/action_dispatch/middleware/templates/rescues/_source.erb (0.5ms)
  Rendered /usr/lib/ruby/gems/2.1.0/gems/actionpack-4.1.6/lib/action_dispatch/middleware/templates/rescues/_trace.html.erb (1.1ms)
  Rendered /usr/lib/ruby/gems/2.1.0/gems/actionpack-4.1.6/lib/action_dispatch/middleware/templates/rescues/_request_and_response.html.erb (0.8ms)
  Rendered /usr/lib/ruby/gems/2.1.0/gems/actionpack-4.1.6/lib/action_dispatch/middleware/templates/rescues/diagnostics.erb within rescues/layout (13.0ms)


Started GET "/" for 127.0.0.1 at 2014-11-19 01:21:24 -0600

Gem::LoadError (Specified 'sqlite3' for database adapter, but the gem is not loaded. Add `gem 'sqlite3'` to your Gemfile (and ensure its version is at the minimum required by ActiveRecord).):
  activerecord (4.1.6) lib/active_record/connection_adapters/connection_specification.rb:190:in `rescue in spec'
  activerecord (4.1.6) lib/active_record/connection_adapters/connection_specification.rb:187:in `spec'
  activerecord (4.1.6) lib/active_record/connection_handling.rb:50:in `establish_connection'
  activerecord (4.1.6) lib/active_record/railtie.rb:129:in `block (2 levels) in <class:Railtie>'
  activesupport (4.1.6) lib/active_support/lazy_load_hooks.rb:38:in `instance_eval'
  activesupport (4.1.6) lib/active_support/lazy_load_hooks.rb:38:in `execute_hook'
  activesupport (4.1.6) lib/active_support/lazy_load_hooks.rb:45:in `block in run_load_hooks'
  activesupport (4.1.6) lib/active_support/lazy_load_hooks.rb:44:in `each'
  activesupport (4.1.6) lib/active_support/lazy_load_hooks.rb:44:in `run_load_hooks'
  activerecord (4.1.6) lib/active_record/base.rb:326:in `<module:ActiveRecord>'
  activerecord (4.1.6) lib/active_record/base.rb:23:in `<top (required)>'
  activerecord (4.1.6) lib/active_record/migration.rb:388:in `check_pending!'
  activerecord (4.1.6) lib/active_record/migration.rb:377:in `call'
  actionpack (4.1.6) lib/action_dispatch/middleware/callbacks.rb:29:in `block in call'
  activesupport (4.1.6) lib/active_support/callbacks.rb:82:in `run_callbacks'
  actionpack (4.1.6) lib/action_dispatch/middleware/callbacks.rb:27:in `call'
  actionpack (4.1.6) lib/action_dispatch/middleware/reloader.rb:73:in `call'
  actionpack (4.1.6) lib/action_dispatch/middleware/remote_ip.rb:76:in `call'
  actionpack (4.1.6) lib/action_dispatch/middleware/debug_exceptions.rb:17:in `call'
  actionpack (4.1.6) lib/action_dispatch/middleware/show_exceptions.rb:30:in `call'
  railties (4.1.6) lib/rails/rack/logger.rb:38:in `call_app'
  railties (4.1.6) lib/rails/rack/logger.rb:20:in `block in call'
  activesupport (4.1.6) lib/active_support/tagged_logging.rb:68:in `block in tagged'
  activesupport (4.1.6) lib/active_support/tagged_logging.rb:26:in `tagged'
  activesupport (4.1.6) lib/active_support/tagged_logging.rb:68:in `tagged'
  railties (4.1.6) lib/rails/rack/logger.rb:20:in `call'
  actionpack (4.1.6) lib/action_dispatch/middleware/request_id.rb:21:in `call'
  rack (1.5.2) lib/rack/methodoverride.rb:21:in `call'
  rack (1.5.2) lib/rack/runtime.rb:17:in `call'
  activesupport (4.1.6) lib/active_support/cache/strategy/local_cache_middleware.rb:26:in `call'
  rack (1.5.2) lib/rack/lock.rb:17:in `call'
  actionpack (4.1.6) lib/action_dispatch/middleware/static.rb:64:in `call'
  rack (1.5.2) lib/rack/sendfile.rb:112:in `call'
  railties (4.1.6) lib/rails/engine.rb:514:in `call'
  railties (4.1.6) lib/rails/application.rb:144:in `call'
  rack (1.5.2) lib/rack/lock.rb:17:in `call'
  rack (1.5.2) lib/rack/content_length.rb:14:in `call'
  rack (1.5.2) lib/rack/handler/webrick.rb:60:in `service'
  /usr/lib/ruby/2.1.0/webrick/httpserver.rb:138:in `service'
  /usr/lib/ruby/2.1.0/webrick/httpserver.rb:94:in `run'
  /usr/lib/ruby/2.1.0/webrick/server.rb:295:in `block in start_thread'


  Rendered /usr/lib/ruby/gems/2.1.0/gems/actionpack-4.1.6/lib/action_dispatch/middleware/templates/rescues/_source.erb (0.5ms)
  Rendered /usr/lib/ruby/gems/2.1.0/gems/actionpack-4.1.6/lib/action_dispatch/middleware/templates/rescues/_trace.html.erb (2.0ms)
  Rendered /usr/lib/ruby/gems/2.1.0/gems/actionpack-4.1.6/lib/action_dispatch/middleware/templates/rescues/_request_and_response.html.erb (0.8ms)
  Rendered /usr/lib/ruby/gems/2.1.0/gems/actionpack-4.1.6/lib/action_dispatch/middleware/templates/rescues/diagnostics.erb within rescues/layout (13.4ms)


Started GET "/" for 127.0.0.1 at 2014-11-19 01:22:52 -0600

Gem::LoadError (Specified 'sqlite3' for database adapter, but the gem is not loaded. Add `gem 'sqlite3'` to your Gemfile (and ensure its version is at the minimum required by ActiveRecord).):
  activerecord (4.1.6) lib/active_record/connection_adapters/connection_specification.rb:190:in `rescue in spec'
  activerecord (4.1.6) lib/active_record/connection_adapters/connection_specification.rb:187:in `spec'
  activerecord (4.1.6) lib/active_record/connection_handling.rb:50:in `establish_connection'
  activerecord (4.1.6) lib/active_record/railtie.rb:129:in `block (2 levels) in <class:Railtie>'
  activesupport (4.1.6) lib/active_support/lazy_load_hooks.rb:38:in `instance_eval'
  activesupport (4.1.6) lib/active_support/lazy_load_hooks.rb:38:in `execute_hook'
  activesupport (4.1.6) lib/active_support/lazy_load_hooks.rb:45:in `block in run_load_hooks'
  activesupport (4.1.6) lib/active_support/lazy_load_hooks.rb:44:in `each'
  activesupport (4.1.6) lib/active_support/lazy_load_hooks.rb:44:in `run_load_hooks'
  activerecord (4.1.6) lib/active_record/base.rb:326:in `<module:ActiveRecord>'
  activerecord (4.1.6) lib/active_record/base.rb:23:in `<top (required)>'
  activerecord (4.1.6) lib/active_record/migration.rb:388:in `check_pending!'
  activerecord (4.1.6) lib/active_record/migration.rb:377:in `call'
  actionpack (4.1.6) lib/action_dispatch/middleware/callbacks.rb:29:in `block in call'
  activesupport (4.1.6) lib/active_support/callbacks.rb:82:in `run_callbacks'
  actionpack (4.1.6) lib/action_dispatch/middleware/callbacks.rb:27:in `call'
  actionpack (4.1.6) lib/action_dispatch/middleware/reloader.rb:73:in `call'
  actionpack (4.1.6) lib/action_dispatch/middleware/remote_ip.rb:76:in `call'
  actionpack (4.1.6) lib/action_dispatch/middleware/debug_exceptions.rb:17:in `call'
  actionpack (4.1.6) lib/action_dispatch/middleware/show_exceptions.rb:30:in `call'
  railties (4.1.6) lib/rails/rack/logger.rb:38:in `call_app'
  railties (4.1.6) lib/rails/rack/logger.rb:20:in `block in call'
  activesupport (4.1.6) lib/active_support/tagged_logging.rb:68:in `block in tagged'
  activesupport (4.1.6) lib/active_support/tagged_logging.rb:26:in `tagged'
  activesupport (4.1.6) lib/active_support/tagged_logging.rb:68:in `tagged'
  railties (4.1.6) lib/rails/rack/logger.rb:20:in `call'
  actionpack (4.1.6) lib/action_dispatch/middleware/request_id.rb:21:in `call'
  rack (1.5.2) lib/rack/methodoverride.rb:21:in `call'
  rack (1.5.2) lib/rack/runtime.rb:17:in `call'
  activesupport (4.1.6) lib/active_support/cache/strategy/local_cache_middleware.rb:26:in `call'
  rack (1.5.2) lib/rack/lock.rb:17:in `call'
  actionpack (4.1.6) lib/action_dispatch/middleware/static.rb:64:in `call'
  rack (1.5.2) lib/rack/sendfile.rb:112:in `call'
  railties (4.1.6) lib/rails/engine.rb:514:in `call'
  railties (4.1.6) lib/rails/application.rb:144:in `call'
  rack (1.5.2) lib/rack/lock.rb:17:in `call'
  rack (1.5.2) lib/rack/content_length.rb:14:in `call'
  rack (1.5.2) lib/rack/handler/webrick.rb:60:in `service'
  /usr/lib/ruby/2.1.0/webrick/httpserver.rb:138:in `service'
  /usr/lib/ruby/2.1.0/webrick/httpserver.rb:94:in `run'
  /usr/lib/ruby/2.1.0/webrick/server.rb:295:in `block in start_thread'


  Rendered /usr/lib/ruby/gems/2.1.0/gems/actionpack-4.1.6/lib/action_dispatch/middleware/templates/rescues/_source.erb (0.6ms)
  Rendered /usr/lib/ruby/gems/2.1.0/gems/actionpack-4.1.6/lib/action_dispatch/middleware/templates/rescues/_trace.html.erb (1.6ms)
  Rendered /usr/lib/ruby/gems/2.1.0/gems/actionpack-4.1.6/lib/action_dispatch/middleware/templates/rescues/_request_and_response.html.erb (1.0ms)
  Rendered /usr/lib/ruby/gems/2.1.0/gems/actionpack-4.1.6/lib/action_dispatch/middleware/templates/rescues/diagnostics.erb within rescues/layout (15.2ms)


Started GET "/" for 127.0.0.1 at 2014-11-19 01:23:04 -0600

ActiveRecord::PendingMigrationError (

Migrations are pending. To resolve this issue, run:

	bin/rake db:migrate RAILS_ENV=development

):
  activerecord (4.1.6) lib/active_record/migration.rb:389:in `check_pending!'
  activerecord (4.1.6) lib/active_record/migration.rb:377:in `call'
  actionpack (4.1.6) lib/action_dispatch/middleware/callbacks.rb:29:in `block in call'
  activesupport (4.1.6) lib/active_support/callbacks.rb:82:in `run_callbacks'
  actionpack (4.1.6) lib/action_dispatch/middleware/callbacks.rb:27:in `call'
  actionpack (4.1.6) lib/action_dispatch/middleware/reloader.rb:73:in `call'
  actionpack (4.1.6) lib/action_dispatch/middleware/remote_ip.rb:76:in `call'
  actionpack (4.1.6) lib/action_dispatch/middleware/debug_exceptions.rb:17:in `call'
  actionpack (4.1.6) lib/action_dispatch/middleware/show_exceptions.rb:30:in `call'
  railties (4.1.6) lib/rails/rack/logger.rb:38:in `call_app'
  railties (4.1.6) lib/rails/rack/logger.rb:20:in `block in call'
  activesupport (4.1.6) lib/active_support/tagged_logging.rb:68:in `block in tagged'
  activesupport (4.1.6) lib/active_support/tagged_logging.rb:26:in `tagged'
  activesupport (4.1.6) lib/active_support/tagged_logging.rb:68:in `tagged'
  railties (4.1.6) lib/rails/rack/logger.rb:20:in `call'
  actionpack (4.1.6) lib/action_dispatch/middleware/request_id.rb:21:in `call'
  rack (1.5.2) lib/rack/methodoverride.rb:21:in `call'
  rack (1.5.2) lib/rack/runtime.rb:17:in `call'
  activesupport (4.1.6) lib/active_support/cache/strategy/local_cache_middleware.rb:26:in `call'
  rack (1.5.2) lib/rack/lock.rb:17:in `call'
  actionpack (4.1.6) lib/action_dispatch/middleware/static.rb:64:in `call'
  rack (1.5.2) lib/rack/sendfile.rb:112:in `call'
  railties (4.1.6) lib/rails/engine.rb:514:in `call'
  railties (4.1.6) lib/rails/application.rb:144:in `call'
  rack (1.5.2) lib/rack/lock.rb:17:in `call'
  rack (1.5.2) lib/rack/content_length.rb:14:in `call'
  rack (1.5.2) lib/rack/handler/webrick.rb:60:in `service'
  /usr/lib/ruby/2.1.0/webrick/httpserver.rb:138:in `service'
  /usr/lib/ruby/2.1.0/webrick/httpserver.rb:94:in `run'
  /usr/lib/ruby/2.1.0/webrick/server.rb:295:in `block in start_thread'


  Rendered /usr/lib/ruby/gems/2.1.0/gems/actionpack-4.1.6/lib/action_dispatch/middleware/templates/rescues/_source.erb (7.7ms)
  Rendered /usr/lib/ruby/gems/2.1.0/gems/actionpack-4.1.6/lib/action_dispatch/middleware/templates/rescues/_trace.html.erb (1.1ms)
  Rendered /usr/lib/ruby/gems/2.1.0/gems/actionpack-4.1.6/lib/action_dispatch/middleware/templates/rescues/_request_and_response.html.erb (0.8ms)
  Rendered /usr/lib/ruby/gems/2.1.0/gems/actionpack-4.1.6/lib/action_dispatch/middleware/templates/rescues/diagnostics.erb within rescues/layout (20.8ms)
  [1m[36m (95.5ms)[0m  [1mCREATE TABLE "schema_migrations" ("version" varchar(255) NOT NULL) [0m
  [1m[35m (0.2ms)[0m  select sqlite_version(*)
  [1m[36m (88.0ms)[0m  [1mCREATE UNIQUE INDEX "unique_schema_migrations" ON "schema_migrations" ("version")[0m
  [1m[35mActiveRecord::SchemaMigration Load (0.1ms)[0m  SELECT "schema_migrations".* FROM "schema_migrations"
Migrating to CreateTables (20140926020701)
  [1m[36m (0.1ms)[0m  [1mbegin transaction[0m
  [1m[35m (0.3ms)[0m  CREATE TABLE "tables" ("id" INTEGER PRIMARY KEY AUTOINCREMENT NOT NULL, "number" varchar(255), "guests" varchar(255), "created_at" datetime, "updated_at" datetime) 
  [1m[36mSQL (0.2ms)[0m  [1mINSERT INTO "schema_migrations" ("version") VALUES (?)[0m  [["version", "20140926020701"]]
  [1m[35m (89.0ms)[0m  commit transaction
Migrating to CreateTickets (20141013051639)
  [1m[36m (0.1ms)[0m  [1mbegin transaction[0m
  [1m[35m (0.3ms)[0m  CREATE TABLE "tickets" ("id" INTEGER PRIMARY KEY AUTOINCREMENT NOT NULL, "title" varchar(255), "table_id" integer, "created_at" datetime, "updated_at" datetime) 
  [1m[36m (0.1ms)[0m  [1mCREATE  INDEX "index_tickets_on_table_id" ON "tickets" ("table_id")[0m
  [1m[35mSQL (0.1ms)[0m  INSERT INTO "schema_migrations" ("version") VALUES (?)  [["version", "20141013051639"]]
  [1m[36m (95.2ms)[0m  [1mcommit transaction[0m
Migrating to CreateEmployees (20141017094425)
  [1m[35m (0.1ms)[0m  begin transaction
  [1m[36m (0.4ms)[0m  [1mCREATE TABLE "employees" ("id" INTEGER PRIMARY KEY AUTOINCREMENT NOT NULL, "name" varchar(255), "password_digest" varchar(255), "created_at" datetime, "updated_at" datetime) [0m
  [1m[35mSQL (0.2ms)[0m  INSERT INTO "schema_migrations" ("version") VALUES (?)  [["version", "20141017094425"]]
  [1m[36m (91.4ms)[0m  [1mcommit transaction[0m
Migrating to RemovePasswordDigestFromEmployee (20141020111505)
  [1m[35m (0.1ms)[0m  begin transaction
  [1m[36m (0.6ms)[0m  [1mCREATE TEMPORARY TABLE "aemployees" ("id" INTEGER PRIMARY KEY AUTOINCREMENT NOT NULL, "name" varchar(255), "password_digest" varchar(255), "created_at" datetime, "updated_at" datetime) [0m
  [1m[35m (0.1ms)[0m  SELECT * FROM "employees"
  [1m[36m (0.5ms)[0m  [1mDROP TABLE "employees"[0m
  [1m[35m (0.3ms)[0m  CREATE TABLE "employees" ("id" INTEGER PRIMARY KEY AUTOINCREMENT NOT NULL, "name" varchar(255), "created_at" datetime, "updated_at" datetime) 
  [1m[36m (0.1ms)[0m  [1mSELECT * FROM "aemployees"[0m
  [1m[35m (0.4ms)[0m  DROP TABLE "aemployees"
  [1m[36mSQL (0.2ms)[0m  [1mINSERT INTO "schema_migrations" ("version") VALUES (?)[0m  [["version", "20141020111505"]]
  [1m[35m (84.6ms)[0m  commit transaction
Migrating to AddPinToEmployee (20141020111922)
  [1m[36m (0.1ms)[0m  [1mbegin transaction[0m
  [1m[35m (0.5ms)[0m  ALTER TABLE "employees" ADD "pin" varchar(2)
  [1m[36mSQL (0.2ms)[0m  [1mINSERT INTO "schema_migrations" ("version") VALUES (?)[0m  [["version", "20141020111922"]]
  [1m[35m (82.7ms)[0m  commit transaction
Migrating to AddIndexToEmployees (20141021092130)
  [1m[36m (0.1ms)[0m  [1mbegin transaction[0m
  [1m[35m (0.4ms)[0m  CREATE UNIQUE INDEX "index_employees_on_pin" ON "employees" ("pin")
  [1m[36mSQL (0.2ms)[0m  [1mINSERT INTO "schema_migrations" ("version") VALUES (?)[0m  [["version", "20141021092130"]]
  [1m[35m (91.5ms)[0m  commit transaction
Migrating to AddIndexToTables (20141114065122)
  [1m[36m (0.1ms)[0m  [1mbegin transaction[0m
  [1m[35m (0.4ms)[0m  CREATE UNIQUE INDEX "index_tables_on_number" ON "tables" ("number")
  [1m[36mSQL (0.2ms)[0m  [1mINSERT INTO "schema_migrations" ("version") VALUES (?)[0m  [["version", "20141114065122"]]
  [1m[35m (90.9ms)[0m  commit transaction
Migrating to CreateItems (20141114180157)
  [1m[36m (0.1ms)[0m  [1mbegin transaction[0m
  [1m[35m (0.3ms)[0m  CREATE TABLE "items" ("id" INTEGER PRIMARY KEY AUTOINCREMENT NOT NULL, "name" text, "quantity" integer, "cost" float, "comment" text, "ticket_id" integer, "created_at" datetime, "updated_at" datetime) 
  [1m[36m (0.2ms)[0m  [1mCREATE  INDEX "index_items_on_ticket_id" ON "items" ("ticket_id")[0m
  [1m[35mSQL (0.1ms)[0m  INSERT INTO "schema_migrations" ("version") VALUES (?)  [["version", "20141114180157"]]
  [1m[36m (92.3ms)[0m  [1mcommit transaction[0m
Migrating to CreateCategories (20141118080547)
  [1m[35m (85.1ms)[0m  ALTER TABLE "items" ADD "category_id" integer
  [1m[36m (0.1ms)[0m  [1mbegin transaction[0m
  [1m[35m (0.3ms)[0m  CREATE TABLE "categories" ("id" INTEGER PRIMARY KEY AUTOINCREMENT NOT NULL, "name" varchar(255)) 
  [1m[36mSQL (0.1ms)[0m  [1mINSERT INTO "schema_migrations" ("version") VALUES (?)[0m  [["version", "20141118080547"]]
  [1m[35m (92.9ms)[0m  commit transaction
Migrating to AddTogoToTicket (20141118150911)
  [1m[36m (0.1ms)[0m  [1mbegin transaction[0m
  [1m[35m (0.5ms)[0m  ALTER TABLE "tickets" ADD "togo" boolean DEFAULT 'f'
  [1m[36mSQL (0.2ms)[0m  [1mINSERT INTO "schema_migrations" ("version") VALUES (?)[0m  [["version", "20141118150911"]]
  [1m[35m (79.6ms)[0m  commit transaction
Migrating to AddIndexToCategories (20141119034734)
  [1m[36m (0.1ms)[0m  [1mbegin transaction[0m
  [1m[35m (0.5ms)[0m  CREATE UNIQUE INDEX "index_categories_on_name" ON "categories" ("name")
  [1m[36mSQL (0.2ms)[0m  [1mINSERT INTO "schema_migrations" ("version") VALUES (?)[0m  [["version", "20141119034734"]]
  [1m[35m (91.2ms)[0m  commit transaction
  [1m[36mActiveRecord::SchemaMigration Load (0.2ms)[0m  [1mSELECT "schema_migrations".* FROM "schema_migrations"[0m
  [1m[35m (0.2ms)[0m              SELECT sql
            FROM sqlite_master
            WHERE name='index_categories_on_name' AND type='index'
            UNION ALL
            SELECT sql
            FROM sqlite_temp_master
            WHERE name='index_categories_on_name' AND type='index'

  [1m[36m (0.2ms)[0m  [1m            SELECT sql
            FROM sqlite_master
            WHERE name='index_employees_on_pin' AND type='index'
            UNION ALL
            SELECT sql
            FROM sqlite_temp_master
            WHERE name='index_employees_on_pin' AND type='index'
[0m
  [1m[35m (0.1ms)[0m              SELECT sql
            FROM sqlite_master
            WHERE name='index_items_on_ticket_id' AND type='index'
            UNION ALL
            SELECT sql
            FROM sqlite_temp_master
            WHERE name='index_items_on_ticket_id' AND type='index'

  [1m[36m (0.1ms)[0m  [1m            SELECT sql
            FROM sqlite_master
            WHERE name='index_tables_on_number' AND type='index'
            UNION ALL
            SELECT sql
            FROM sqlite_temp_master
            WHERE name='index_tables_on_number' AND type='index'
[0m
  [1m[35m (0.1ms)[0m              SELECT sql
            FROM sqlite_master
            WHERE name='index_tickets_on_table_id' AND type='index'
            UNION ALL
            SELECT sql
            FROM sqlite_temp_master
            WHERE name='index_tickets_on_table_id' AND type='index'



Started GET "/" for 127.0.0.1 at 2014-11-19 01:23:35 -0600
  [1m[36mActiveRecord::SchemaMigration Load (0.1ms)[0m  [1mSELECT "schema_migrations".* FROM "schema_migrations"[0m
Processing by TablesController#index as HTML
  [1m[35mTable Load (0.1ms)[0m  SELECT "tables".* FROM "tables"
  Rendered tables/index.html.erb within layouts/application (0.9ms)
Completed 200 OK in 1146ms (Views: 1133.7ms | ActiveRecord: 0.1ms)


Started GET "/assets/employees.css?body=1" for 127.0.0.1 at 2014-11-19 01:23:36 -0600


Started GET "/assets/items.css?body=1" for 127.0.0.1 at 2014-11-19 01:23:36 -0600


Started GET "/assets/manager/employees.css?body=1" for 127.0.0.1 at 2014-11-19 01:23:36 -0600


Started GET "/assets/sessions.css?body=1" for 127.0.0.1 at 2014-11-19 01:23:36 -0600


Started GET "/assets/tables.css?body=1" for 127.0.0.1 at 2014-11-19 01:23:36 -0600


Started GET "/assets/tickets.css?body=1" for 127.0.0.1 at 2014-11-19 01:23:36 -0600


Started GET "/assets/manager/items.css?body=1" for 127.0.0.1 at 2014-11-19 01:23:36 -0600


Started GET "/assets/application.css?body=1" for 127.0.0.1 at 2014-11-19 01:23:36 -0600


Started GET "/assets/employees.js?body=1" for 127.0.0.1 at 2014-11-19 01:23:36 -0600


Started GET "/assets/items.js?body=1" for 127.0.0.1 at 2014-11-19 01:23:36 -0600


Started GET "/assets/manager/items.js?body=1" for 127.0.0.1 at 2014-11-19 01:23:36 -0600


Started GET "/assets/manager/employees.js?body=1" for 127.0.0.1 at 2014-11-19 01:23:36 -0600


Started GET "/assets/soon_to_be_sess.js?body=1" for 127.0.0.1 at 2014-11-19 01:23:36 -0600


Started GET "/assets/tables.js?body=1" for 127.0.0.1 at 2014-11-19 01:23:36 -0600


Started GET "/assets/tickets.js?body=1" for 127.0.0.1 at 2014-11-19 01:23:36 -0600


Started GET "/assets/jquery.js?body=1" for 127.0.0.1 at 2014-11-19 01:23:36 -0600


Started GET "/assets/jquery_ujs.js?body=1" for 127.0.0.1 at 2014-11-19 01:23:36 -0600


Started GET "/assets/turbolinks.js?body=1" for 127.0.0.1 at 2014-11-19 01:23:36 -0600


Started GET "/assets/application.js?body=1" for 127.0.0.1 at 2014-11-19 01:23:36 -0600


Started GET "/signin" for 127.0.0.1 at 2014-11-19 01:23:50 -0600
Processing by SessionsController#new as HTML
  Rendered sessions/new.html.erb within layouts/application (12.6ms)
Completed 200 OK in 124ms (Views: 123.3ms | ActiveRecord: 0.0ms)


Started GET "/signin" for 127.0.0.1 at 2014-11-19 01:24:23 -0600
Processing by SessionsController#new as HTML
  Rendered sessions/new.html.erb within layouts/application (0.8ms)
Completed 200 OK in 92ms (Views: 91.9ms | ActiveRecord: 0.0ms)


Started POST "/signin" for 127.0.0.1 at 2014-11-19 01:24:33 -0600
Processing by SessionsController#create as HTML
  Parameters: {"utf8"=>"✓", "authenticity_token"=>"eNaAtn6p1tA7ds7GnevqQPLDupu3MXCH2fjLI2t+tGU=", "signin"=>{"pin"=>""}, "commit"=>"Sign in"}
  [1m[36mEmployee Load (0.1ms)[0m  [1mSELECT  "employees".* FROM "employees"  WHERE "employees"."pin" = ''  ORDER BY "employees"."id" ASC LIMIT 1[0m
  Rendered sessions/new.html.erb within layouts/application (1.6ms)
Completed 200 OK in 100ms (Views: 92.0ms | ActiveRecord: 0.5ms)


Started GET "/assets/jquery_ujs.js?body=1" for 127.0.0.1 at 2014-11-19 01:24:33 -0600


Started GET "/assets/jquery.js?body=1" for 127.0.0.1 at 2014-11-19 01:24:33 -0600


Started GET "/assets/application.css?body=1" for 127.0.0.1 at 2014-11-19 01:24:33 -0600


Started GET "/assets/turbolinks.js?body=1" for 127.0.0.1 at 2014-11-19 01:24:33 -0600


Started GET "/assets/application.js?body=1" for 127.0.0.1 at 2014-11-19 01:24:33 -0600


Started GET "/signin" for 127.0.0.1 at 2014-11-19 01:30:16 -0600
Processing by SessionsController#new as HTML
  Rendered sessions/new.html.erb within layouts/application (1.0ms)
Completed 200 OK in 88ms (Views: 87.1ms | ActiveRecord: 0.0ms)


Started GET "/" for 127.0.0.1 at 2014-11-19 01:30:18 -0600
Processing by TablesController#index as HTML
  [1m[35mTable Load (0.1ms)[0m  SELECT "tables".* FROM "tables"
  Rendered tables/index.html.erb within layouts/application (0.9ms)
Completed 200 OK in 88ms (Views: 87.0ms | ActiveRecord: 0.1ms)


Started GET "/articles/10" for 127.0.0.1 at 2014-11-19 01:31:47 -0600

ActionController::RoutingError (No route matches [GET] "/articles/10"):
  actionpack (4.1.6) lib/action_dispatch/middleware/debug_exceptions.rb:21:in `call'
  actionpack (4.1.6) lib/action_dispatch/middleware/show_exceptions.rb:30:in `call'
  railties (4.1.6) lib/rails/rack/logger.rb:38:in `call_app'
  railties (4.1.6) lib/rails/rack/logger.rb:20:in `block in call'
  activesupport (4.1.6) lib/active_support/tagged_logging.rb:68:in `block in tagged'
  activesupport (4.1.6) lib/active_support/tagged_logging.rb:26:in `tagged'
  activesupport (4.1.6) lib/active_support/tagged_logging.rb:68:in `tagged'
  railties (4.1.6) lib/rails/rack/logger.rb:20:in `call'
  actionpack (4.1.6) lib/action_dispatch/middleware/request_id.rb:21:in `call'
  rack (1.5.2) lib/rack/methodoverride.rb:21:in `call'
  rack (1.5.2) lib/rack/runtime.rb:17:in `call'
  activesupport (4.1.6) lib/active_support/cache/strategy/local_cache_middleware.rb:26:in `call'
  rack (1.5.2) lib/rack/lock.rb:17:in `call'
  actionpack (4.1.6) lib/action_dispatch/middleware/static.rb:64:in `call'
  rack (1.5.2) lib/rack/sendfile.rb:112:in `call'
  railties (4.1.6) lib/rails/engine.rb:514:in `call'
  railties (4.1.6) lib/rails/application.rb:144:in `call'
  rack (1.5.2) lib/rack/lock.rb:17:in `call'
  rack (1.5.2) lib/rack/content_length.rb:14:in `call'
  rack (1.5.2) lib/rack/handler/webrick.rb:60:in `service'
  /usr/lib/ruby/2.1.0/webrick/httpserver.rb:138:in `service'
  /usr/lib/ruby/2.1.0/webrick/httpserver.rb:94:in `run'
  /usr/lib/ruby/2.1.0/webrick/server.rb:295:in `block in start_thread'


  Rendered /usr/lib/ruby/gems/2.1.0/gems/actionpack-4.1.6/lib/action_dispatch/middleware/templates/rescues/_trace.html.erb (0.9ms)
  Rendered /usr/lib/ruby/gems/2.1.0/gems/actionpack-4.1.6/lib/action_dispatch/middleware/templates/routes/_route.html.erb (5.2ms)
  Rendered /usr/lib/ruby/gems/2.1.0/gems/actionpack-4.1.6/lib/action_dispatch/middleware/templates/routes/_table.html.erb (1.7ms)
  Rendered /usr/lib/ruby/gems/2.1.0/gems/actionpack-4.1.6/lib/action_dispatch/middleware/templates/rescues/routing_error.html.erb within rescues/layout (42.9ms)
  [1m[36m (0.2ms)[0m  [1mbegin transaction[0m
  [1m[35mSQL (0.4ms)[0m  INSERT INTO "employees" ("created_at", "name", "pin", "updated_at") VALUES (?, ?, ?, ?)  [["created_at", "2014-11-19 07:36:38.570837"], ["name", "haxx"], ["pin", "11"], ["updated_at", "2014-11-19 07:36:38.570837"]]
  [1m[36m (91.6ms)[0m  [1mcommit transaction[0m


Started GET "/signin" for 127.0.0.1 at 2014-11-19 01:36:42 -0600
Processing by SessionsController#new as HTML
  Rendered sessions/new.html.erb within layouts/application (1.1ms)
Completed 200 OK in 98ms (Views: 97.5ms | ActiveRecord: 0.0ms)


Started POST "/signin" for 127.0.0.1 at 2014-11-19 01:36:46 -0600
Processing by SessionsController#create as HTML
  Parameters: {"utf8"=>"✓", "authenticity_token"=>"46cW+gEdMx3Loq7oh8mjHfW2faks6SjBpp4+7iWRcsk=", "signin"=>{"pin"=>"11"}, "commit"=>"Sign in"}
  [1m[36mEmployee Load (0.3ms)[0m  [1mSELECT  "employees".* FROM "employees"  WHERE "employees"."pin" = '11'  ORDER BY "employees"."id" ASC LIMIT 1[0m
Redirected to http://localhost:3000/
Completed 302 Found in 6ms (ActiveRecord: 0.3ms)


Started GET "/" for 127.0.0.1 at 2014-11-19 01:36:46 -0600
Processing by TablesController#index as HTML
  [1m[35mTable Load (0.2ms)[0m  SELECT "tables".* FROM "tables"
  Rendered tables/index.html.erb within layouts/application (0.6ms)
  [1m[36mEmployee Load (0.2ms)[0m  [1mSELECT  "employees".* FROM "employees"  WHERE "employees"."id" = ? LIMIT 1[0m  [["id", 1]]
Completed 200 OK in 94ms (Views: 92.5ms | ActiveRecord: 0.3ms)


Started GET "/assets/employees.css?body=1" for 127.0.0.1 at 2014-11-19 01:36:46 -0600


Started GET "/assets/items.css?body=1" for 127.0.0.1 at 2014-11-19 01:36:46 -0600


Started GET "/assets/manager/employees.css?body=1" for 127.0.0.1 at 2014-11-19 01:36:46 -0600


Started GET "/assets/manager/items.css?body=1" for 127.0.0.1 at 2014-11-19 01:36:46 -0600


Started GET "/assets/tables.css?body=1" for 127.0.0.1 at 2014-11-19 01:36:46 -0600


Started GET "/assets/application.css?body=1" for 127.0.0.1 at 2014-11-19 01:36:46 -0600


Started GET "/assets/sessions.css?body=1" for 127.0.0.1 at 2014-11-19 01:36:46 -0600


Started GET "/assets/jquery.js?body=1" for 127.0.0.1 at 2014-11-19 01:36:46 -0600


Started GET "/assets/tickets.css?body=1" for 127.0.0.1 at 2014-11-19 01:36:46 -0600


Started GET "/assets/jquery_ujs.js?body=1" for 127.0.0.1 at 2014-11-19 01:36:46 -0600


Started GET "/assets/turbolinks.js?body=1" for 127.0.0.1 at 2014-11-19 01:36:46 -0600


Started GET "/assets/employees.js?body=1" for 127.0.0.1 at 2014-11-19 01:36:46 -0600


Started GET "/assets/manager/employees.js?body=1" for 127.0.0.1 at 2014-11-19 01:36:46 -0600


Started GET "/assets/items.js?body=1" for 127.0.0.1 at 2014-11-19 01:36:46 -0600


Started GET "/assets/manager/items.js?body=1" for 127.0.0.1 at 2014-11-19 01:36:46 -0600


Started GET "/assets/tickets.js?body=1" for 127.0.0.1 at 2014-11-19 01:36:46 -0600


Started GET "/assets/application.js?body=1" for 127.0.0.1 at 2014-11-19 01:36:46 -0600


Started GET "/assets/soon_to_be_sess.js?body=1" for 127.0.0.1 at 2014-11-19 01:36:46 -0600


Started GET "/assets/tables.js?body=1" for 127.0.0.1 at 2014-11-19 01:36:46 -0600


Started DELETE "/signout" for 127.0.0.1 at 2014-11-19 01:39:12 -0600
Processing by SessionsController#destroy as HTML
  Parameters: {"authenticity_token"=>"rr+c7l6WbALY7Ch4h4u7Me4+4QtkdW/3hj1Ni4nrMT8="}
Redirected to http://localhost:3000/
Completed 302 Found in 1ms (ActiveRecord: 0.0ms)


Started GET "/" for 127.0.0.1 at 2014-11-19 01:39:12 -0600
Processing by TablesController#index as HTML
  [1m[35mTable Load (0.1ms)[0m  SELECT "tables".* FROM "tables"
  Rendered tables/index.html.erb within layouts/application (0.6ms)
Completed 200 OK in 94ms (Views: 93.6ms | ActiveRecord: 0.1ms)


Started GET "/assets/employees.css?body=1" for 127.0.0.1 at 2014-11-19 01:39:12 -0600


Started GET "/assets/manager/employees.css?body=1" for 127.0.0.1 at 2014-11-19 01:39:12 -0600


Started GET "/assets/manager/items.css?body=1" for 127.0.0.1 at 2014-11-19 01:39:12 -0600


Started GET "/assets/sessions.css?body=1" for 127.0.0.1 at 2014-11-19 01:39:12 -0600


Started GET "/assets/tables.css?body=1" for 127.0.0.1 at 2014-11-19 01:39:12 -0600


Started GET "/assets/turbolinks.js?body=1" for 127.0.0.1 at 2014-11-19 01:39:12 -0600


Started GET "/assets/tickets.css?body=1" for 127.0.0.1 at 2014-11-19 01:39:12 -0600


Started GET "/assets/application.css?body=1" for 127.0.0.1 at 2014-11-19 01:39:12 -0600


Started GET "/assets/jquery.js?body=1" for 127.0.0.1 at 2014-11-19 01:39:12 -0600


Started GET "/assets/jquery_ujs.js?body=1" for 127.0.0.1 at 2014-11-19 01:39:12 -0600


Started GET "/assets/items.css?body=1" for 127.0.0.1 at 2014-11-19 01:39:12 -0600


Started GET "/assets/employees.js?body=1" for 127.0.0.1 at 2014-11-19 01:39:12 -0600


Started GET "/assets/manager/employees.js?body=1" for 127.0.0.1 at 2014-11-19 01:39:12 -0600


Started GET "/assets/items.js?body=1" for 127.0.0.1 at 2014-11-19 01:39:12 -0600


Started GET "/assets/manager/items.js?body=1" for 127.0.0.1 at 2014-11-19 01:39:12 -0600


Started GET "/assets/soon_to_be_sess.js?body=1" for 127.0.0.1 at 2014-11-19 01:39:12 -0600


Started GET "/assets/tables.js?body=1" for 127.0.0.1 at 2014-11-19 01:39:12 -0600


Started GET "/assets/tickets.js?body=1" for 127.0.0.1 at 2014-11-19 01:39:12 -0600


Started GET "/assets/application.js?body=1" for 127.0.0.1 at 2014-11-19 01:39:12 -0600


Started GET "/signin" for 127.0.0.1 at 2014-11-19 01:39:13 -0600
Processing by SessionsController#new as HTML
  Rendered sessions/new.html.erb within layouts/application (0.8ms)
Completed 200 OK in 83ms (Views: 82.8ms | ActiveRecord: 0.0ms)


Started POST "/signin" for 127.0.0.1 at 2014-11-19 01:39:15 -0600
Processing by SessionsController#create as HTML
  Parameters: {"utf8"=>"✓", "authenticity_token"=>"PI2IUEjNuVmPaAo9qClaix+6bwedxbeuDWxQ8i/KZH0=", "signin"=>{"pin"=>"00"}, "commit"=>"Sign in"}
  [1m[36mEmployee Load (0.2ms)[0m  [1mSELECT  "employees".* FROM "employees"  WHERE "employees"."pin" = '00'  ORDER BY "employees"."id" ASC LIMIT 1[0m
  Rendered sessions/new.html.erb within layouts/application (0.8ms)
Completed 200 OK in 89ms (Views: 87.7ms | ActiveRecord: 0.2ms)


Started GET "/assets/employees.css?body=1" for 127.0.0.1 at 2014-11-19 01:39:16 -0600


Started GET "/assets/items.css?body=1" for 127.0.0.1 at 2014-11-19 01:39:16 -0600


Started GET "/assets/tables.css?body=1" for 127.0.0.1 at 2014-11-19 01:39:16 -0600


Started GET "/assets/manager/items.css?body=1" for 127.0.0.1 at 2014-11-19 01:39:16 -0600


Started GET "/assets/manager/employees.css?body=1" for 127.0.0.1 at 2014-11-19 01:39:16 -0600


Started GET "/assets/sessions.css?body=1" for 127.0.0.1 at 2014-11-19 01:39:16 -0600


Started GET "/assets/tickets.css?body=1" for 127.0.0.1 at 2014-11-19 01:39:16 -0600


Started GET "/assets/application.css?body=1" for 127.0.0.1 at 2014-11-19 01:39:16 -0600


Started GET "/assets/jquery_ujs.js?body=1" for 127.0.0.1 at 2014-11-19 01:39:16 -0600


Started GET "/assets/jquery.js?body=1" for 127.0.0.1 at 2014-11-19 01:39:16 -0600


Started GET "/assets/turbolinks.js?body=1" for 127.0.0.1 at 2014-11-19 01:39:16 -0600


Started GET "/assets/employees.js?body=1" for 127.0.0.1 at 2014-11-19 01:39:16 -0600


Started GET "/assets/manager/employees.js?body=1" for 127.0.0.1 at 2014-11-19 01:39:16 -0600


Started GET "/assets/items.js?body=1" for 127.0.0.1 at 2014-11-19 01:39:16 -0600


Started GET "/assets/manager/items.js?body=1" for 127.0.0.1 at 2014-11-19 01:39:16 -0600


Started GET "/assets/soon_to_be_sess.js?body=1" for 127.0.0.1 at 2014-11-19 01:39:16 -0600


Started GET "/assets/tables.js?body=1" for 127.0.0.1 at 2014-11-19 01:39:16 -0600


Started GET "/assets/tickets.js?body=1" for 127.0.0.1 at 2014-11-19 01:39:16 -0600


Started GET "/assets/application.js?body=1" for 127.0.0.1 at 2014-11-19 01:39:16 -0600


Started POST "/signin" for 127.0.0.1 at 2014-11-19 01:45:36 -0600
  [1m[35mActiveRecord::SchemaMigration Load (0.1ms)[0m  SELECT "schema_migrations".* FROM "schema_migrations"

ActiveRecord::PendingMigrationError (

Migrations are pending. To resolve this issue, run:

	bin/rake db:migrate RAILS_ENV=development

):
  activerecord (4.1.6) lib/active_record/migration.rb:389:in `check_pending!'
  activerecord (4.1.6) lib/active_record/migration.rb:377:in `call'
  actionpack (4.1.6) lib/action_dispatch/middleware/callbacks.rb:29:in `block in call'
  activesupport (4.1.6) lib/active_support/callbacks.rb:82:in `run_callbacks'
  actionpack (4.1.6) lib/action_dispatch/middleware/callbacks.rb:27:in `call'
  actionpack (4.1.6) lib/action_dispatch/middleware/reloader.rb:73:in `call'
  actionpack (4.1.6) lib/action_dispatch/middleware/remote_ip.rb:76:in `call'
  actionpack (4.1.6) lib/action_dispatch/middleware/debug_exceptions.rb:17:in `call'
  actionpack (4.1.6) lib/action_dispatch/middleware/show_exceptions.rb:30:in `call'
  railties (4.1.6) lib/rails/rack/logger.rb:38:in `call_app'
  railties (4.1.6) lib/rails/rack/logger.rb:20:in `block in call'
  activesupport (4.1.6) lib/active_support/tagged_logging.rb:68:in `block in tagged'
  activesupport (4.1.6) lib/active_support/tagged_logging.rb:26:in `tagged'
  activesupport (4.1.6) lib/active_support/tagged_logging.rb:68:in `tagged'
  railties (4.1.6) lib/rails/rack/logger.rb:20:in `call'
  actionpack (4.1.6) lib/action_dispatch/middleware/request_id.rb:21:in `call'
  rack (1.5.2) lib/rack/methodoverride.rb:21:in `call'
  rack (1.5.2) lib/rack/runtime.rb:17:in `call'
  activesupport (4.1.6) lib/active_support/cache/strategy/local_cache_middleware.rb:26:in `call'
  rack (1.5.2) lib/rack/lock.rb:17:in `call'
  actionpack (4.1.6) lib/action_dispatch/middleware/static.rb:64:in `call'
  rack (1.5.2) lib/rack/sendfile.rb:112:in `call'
  railties (4.1.6) lib/rails/engine.rb:514:in `call'
  railties (4.1.6) lib/rails/application.rb:144:in `call'
  rack (1.5.2) lib/rack/lock.rb:17:in `call'
  rack (1.5.2) lib/rack/content_length.rb:14:in `call'
  rack (1.5.2) lib/rack/handler/webrick.rb:60:in `service'
  /usr/lib/ruby/2.1.0/webrick/httpserver.rb:138:in `service'
  /usr/lib/ruby/2.1.0/webrick/httpserver.rb:94:in `run'
  /usr/lib/ruby/2.1.0/webrick/server.rb:295:in `block in start_thread'


  Rendered /usr/lib/ruby/gems/2.1.0/gems/actionpack-4.1.6/lib/action_dispatch/middleware/templates/rescues/_source.erb (0.6ms)
  Rendered /usr/lib/ruby/gems/2.1.0/gems/actionpack-4.1.6/lib/action_dispatch/middleware/templates/rescues/_trace.html.erb (1.1ms)
  Rendered /usr/lib/ruby/gems/2.1.0/gems/actionpack-4.1.6/lib/action_dispatch/middleware/templates/rescues/_request_and_response.html.erb (1.0ms)
  Rendered /usr/lib/ruby/gems/2.1.0/gems/actionpack-4.1.6/lib/action_dispatch/middleware/templates/rescues/diagnostics.erb within rescues/layout (15.2ms)
  [1m[36mActiveRecord::SchemaMigration Load (0.1ms)[0m  [1mSELECT "schema_migrations".* FROM "schema_migrations"[0m
Migrating to AddManagerToEmployees (20141119074333)
  [1m[35m (0.1ms)[0m  begin transaction
  [1m[36m (0.4ms)[0m  [1mALTER TABLE "employees" ADD "manager" boolean DEFAULT 'f'[0m
  [1m[35mSQL (0.1ms)[0m  INSERT INTO "schema_migrations" ("version") VALUES (?)  [["version", "20141119074333"]]
  [1m[36m (118.8ms)[0m  [1mcommit transaction[0m
  [1m[35mActiveRecord::SchemaMigration Load (0.2ms)[0m  SELECT "schema_migrations".* FROM "schema_migrations"
  [1m[36m (0.2ms)[0m  [1m            SELECT sql
            FROM sqlite_master
            WHERE name='index_categories_on_name' AND type='index'
            UNION ALL
            SELECT sql
            FROM sqlite_temp_master
            WHERE name='index_categories_on_name' AND type='index'
[0m
  [1m[35m (0.1ms)[0m              SELECT sql
            FROM sqlite_master
            WHERE name='index_employees_on_pin' AND type='index'
            UNION ALL
            SELECT sql
            FROM sqlite_temp_master
            WHERE name='index_employees_on_pin' AND type='index'

  [1m[36m (0.1ms)[0m  [1m            SELECT sql
            FROM sqlite_master
            WHERE name='index_items_on_ticket_id' AND type='index'
            UNION ALL
            SELECT sql
            FROM sqlite_temp_master
            WHERE name='index_items_on_ticket_id' AND type='index'
[0m
  [1m[35m (0.1ms)[0m              SELECT sql
            FROM sqlite_master
            WHERE name='index_tables_on_number' AND type='index'
            UNION ALL
            SELECT sql
            FROM sqlite_temp_master
            WHERE name='index_tables_on_number' AND type='index'

  [1m[36m (0.1ms)[0m  [1m            SELECT sql
            FROM sqlite_master
            WHERE name='index_tickets_on_table_id' AND type='index'
            UNION ALL
            SELECT sql
            FROM sqlite_temp_master
            WHERE name='index_tickets_on_table_id' AND type='index'
[0m


Started POST "/signin" for 127.0.0.1 at 2014-11-19 01:46:02 -0600
  [1m[36mActiveRecord::SchemaMigration Load (0.1ms)[0m  [1mSELECT "schema_migrations".* FROM "schema_migrations"[0m
Processing by SessionsController#create as HTML
  Parameters: {"utf8"=>"✓", "authenticity_token"=>"PI2IUEjNuVmPaAo9qClaix+6bwedxbeuDWxQ8i/KZH0=", "signin"=>{"pin"=>"00"}, "commit"=>"Sign in"}
Can't verify CSRF token authenticity
  [1m[35mEmployee Load (0.1ms)[0m  SELECT  "employees".* FROM "employees"  WHERE "employees"."pin" = '00'  ORDER BY "employees"."id" ASC LIMIT 1
  Rendered sessions/new.html.erb within layouts/application (1.7ms)
Completed 200 OK in 99ms (Views: 95.3ms | ActiveRecord: 0.4ms)


Started GET "/assets/employees.css?body=1" for 127.0.0.1 at 2014-11-19 01:46:02 -0600


Started GET "/assets/items.css?body=1" for 127.0.0.1 at 2014-11-19 01:46:02 -0600


Started GET "/assets/manager/items.css?body=1" for 127.0.0.1 at 2014-11-19 01:46:02 -0600


Started GET "/assets/tables.css?body=1" for 127.0.0.1 at 2014-11-19 01:46:02 -0600


Started GET "/assets/sessions.css?body=1" for 127.0.0.1 at 2014-11-19 01:46:02 -0600


Started GET "/assets/tickets.css?body=1" for 127.0.0.1 at 2014-11-19 01:46:02 -0600


Started GET "/assets/manager/employees.css?body=1" for 127.0.0.1 at 2014-11-19 01:46:02 -0600


Started GET "/assets/application.css?body=1" for 127.0.0.1 at 2014-11-19 01:46:02 -0600


Started GET "/assets/jquery.js?body=1" for 127.0.0.1 at 2014-11-19 01:46:02 -0600


Started GET "/assets/jquery_ujs.js?body=1" for 127.0.0.1 at 2014-11-19 01:46:02 -0600


Started GET "/assets/employees.js?body=1" for 127.0.0.1 at 2014-11-19 01:46:02 -0600


Started GET "/assets/turbolinks.js?body=1" for 127.0.0.1 at 2014-11-19 01:46:02 -0600


Started GET "/assets/items.js?body=1" for 127.0.0.1 at 2014-11-19 01:46:02 -0600


Started GET "/assets/manager/employees.js?body=1" for 127.0.0.1 at 2014-11-19 01:46:02 -0600


Started GET "/assets/manager/items.js?body=1" for 127.0.0.1 at 2014-11-19 01:46:02 -0600


Started GET "/assets/soon_to_be_sess.js?body=1" for 127.0.0.1 at 2014-11-19 01:46:02 -0600


Started GET "/assets/tables.js?body=1" for 127.0.0.1 at 2014-11-19 01:46:02 -0600


Started GET "/assets/tickets.js?body=1" for 127.0.0.1 at 2014-11-19 01:46:02 -0600


Started GET "/assets/application.js?body=1" for 127.0.0.1 at 2014-11-19 01:46:02 -0600


Started GET "/signin" for 127.0.0.1 at 2014-11-19 01:46:04 -0600
Processing by SessionsController#new as HTML
  Rendered sessions/new.html.erb within layouts/application (0.7ms)
Completed 200 OK in 80ms (Views: 79.7ms | ActiveRecord: 0.0ms)


Started POST "/signin" for 127.0.0.1 at 2014-11-19 01:46:06 -0600
Processing by SessionsController#create as HTML
  Parameters: {"utf8"=>"✓", "authenticity_token"=>"AB4sIgvnIWqOh64qWBvGWwp6b374qqW0NYhgjYdZe7M=", "signin"=>{"pin"=>"00"}, "commit"=>"Sign in"}
  [1m[36mEmployee Load (0.2ms)[0m  [1mSELECT  "employees".* FROM "employees"  WHERE "employees"."pin" = '00'  ORDER BY "employees"."id" ASC LIMIT 1[0m
  Rendered sessions/new.html.erb within layouts/application (0.8ms)
Completed 200 OK in 85ms (Views: 83.8ms | ActiveRecord: 0.2ms)


Started GET "/assets/items.css?body=1" for 127.0.0.1 at 2014-11-19 01:46:06 -0600


Started GET "/assets/employees.css?body=1" for 127.0.0.1 at 2014-11-19 01:46:06 -0600


Started GET "/assets/sessions.css?body=1" for 127.0.0.1 at 2014-11-19 01:46:06 -0600


Started GET "/assets/manager/employees.css?body=1" for 127.0.0.1 at 2014-11-19 01:46:06 -0600


Started GET "/assets/tables.css?body=1" for 127.0.0.1 at 2014-11-19 01:46:06 -0600


Started GET "/assets/manager/items.css?body=1" for 127.0.0.1 at 2014-11-19 01:46:06 -0600


Started GET "/assets/application.css?body=1" for 127.0.0.1 at 2014-11-19 01:46:06 -0600


Started GET "/assets/tickets.css?body=1" for 127.0.0.1 at 2014-11-19 01:46:06 -0600


Started GET "/assets/jquery.js?body=1" for 127.0.0.1 at 2014-11-19 01:46:06 -0600


Started GET "/assets/jquery_ujs.js?body=1" for 127.0.0.1 at 2014-11-19 01:46:06 -0600


Started GET "/assets/manager/employees.js?body=1" for 127.0.0.1 at 2014-11-19 01:46:06 -0600


Started GET "/assets/employees.js?body=1" for 127.0.0.1 at 2014-11-19 01:46:06 -0600


Started GET "/assets/turbolinks.js?body=1" for 127.0.0.1 at 2014-11-19 01:46:06 -0600


Started GET "/assets/manager/items.js?body=1" for 127.0.0.1 at 2014-11-19 01:46:06 -0600


Started GET "/assets/items.js?body=1" for 127.0.0.1 at 2014-11-19 01:46:06 -0600


Started GET "/assets/soon_to_be_sess.js?body=1" for 127.0.0.1 at 2014-11-19 01:46:06 -0600


Started GET "/assets/tickets.js?body=1" for 127.0.0.1 at 2014-11-19 01:46:06 -0600


Started GET "/assets/application.js?body=1" for 127.0.0.1 at 2014-11-19 01:46:06 -0600


Started GET "/assets/tables.js?body=1" for 127.0.0.1 at 2014-11-19 01:46:06 -0600
  [1m[36m (0.1ms)[0m  [1mbegin transaction[0m
  [1m[35mSQL (0.3ms)[0m  INSERT INTO "employees" ("created_at", "manager", "name", "pin", "updated_at") VALUES (?, ?, ?, ?, ?)  [["created_at", "2014-11-19 07:46:21.960359"], ["manager", "t"], ["name", "haxx"], ["pin", "00"], ["updated_at", "2014-11-19 07:46:21.960359"]]
  [1m[36m (83.8ms)[0m  [1mcommit transaction[0m
  [1m[35m (0.1ms)[0m  begin transaction
  [1m[36m (0.1ms)[0m  [1mcommit transaction[0m


Started POST "/signin" for 127.0.0.1 at 2014-11-19 01:46:26 -0600
Processing by SessionsController#create as HTML
  Parameters: {"utf8"=>"✓", "authenticity_token"=>"XgLMGcGXXuBcvSknMqU3N3ewgTKWtcpWH2hZlO77wyw=", "signin"=>{"pin"=>"00"}, "commit"=>"Sign in"}
  [1m[35mEmployee Load (0.2ms)[0m  SELECT  "employees".* FROM "employees"  WHERE "employees"."pin" = '00'  ORDER BY "employees"."id" ASC LIMIT 1
Redirected to http://localhost:3000/
Completed 302 Found in 5ms (ActiveRecord: 0.2ms)


Started GET "/" for 127.0.0.1 at 2014-11-19 01:46:26 -0600
Processing by TablesController#index as HTML
  [1m[36mTable Load (0.1ms)[0m  [1mSELECT "tables".* FROM "tables"[0m
  Rendered tables/index.html.erb within layouts/application (0.5ms)
  [1m[35mEmployee Load (0.2ms)[0m  SELECT  "employees".* FROM "employees"  WHERE "employees"."id" = ? LIMIT 1  [["id", 2]]
Completed 200 OK in 87ms (Views: 83.3ms | ActiveRecord: 0.3ms)


Started GET "/assets/employees.css?body=1" for 127.0.0.1 at 2014-11-19 01:46:26 -0600


Started GET "/assets/items.css?body=1" for 127.0.0.1 at 2014-11-19 01:46:26 -0600


Started GET "/assets/manager/employees.css?body=1" for 127.0.0.1 at 2014-11-19 01:46:26 -0600


Started GET "/assets/tables.css?body=1" for 127.0.0.1 at 2014-11-19 01:46:26 -0600


Started GET "/assets/manager/items.css?body=1" for 127.0.0.1 at 2014-11-19 01:46:26 -0600


Started GET "/assets/sessions.css?body=1" for 127.0.0.1 at 2014-11-19 01:46:26 -0600


Started GET "/assets/tickets.css?body=1" for 127.0.0.1 at 2014-11-19 01:46:26 -0600


Started GET "/assets/jquery.js?body=1" for 127.0.0.1 at 2014-11-19 01:46:26 -0600


Started GET "/assets/jquery_ujs.js?body=1" for 127.0.0.1 at 2014-11-19 01:46:26 -0600


Started GET "/assets/turbolinks.js?body=1" for 127.0.0.1 at 2014-11-19 01:46:26 -0600


Started GET "/assets/application.css?body=1" for 127.0.0.1 at 2014-11-19 01:46:26 -0600


Started GET "/assets/employees.js?body=1" for 127.0.0.1 at 2014-11-19 01:46:26 -0600


Started GET "/assets/items.js?body=1" for 127.0.0.1 at 2014-11-19 01:46:26 -0600


Started GET "/assets/manager/employees.js?body=1" for 127.0.0.1 at 2014-11-19 01:46:26 -0600


Started GET "/assets/manager/items.js?body=1" for 127.0.0.1 at 2014-11-19 01:46:26 -0600


Started GET "/assets/soon_to_be_sess.js?body=1" for 127.0.0.1 at 2014-11-19 01:46:26 -0600


Started GET "/assets/tables.js?body=1" for 127.0.0.1 at 2014-11-19 01:46:26 -0600


Started GET "/assets/tickets.js?body=1" for 127.0.0.1 at 2014-11-19 01:46:26 -0600


Started GET "/assets/application.js?body=1" for 127.0.0.1 at 2014-11-19 01:46:26 -0600


Started GET "/manager" for 127.0.0.1 at 2014-11-19 01:50:38 -0600
Processing by Manager::BaseController#index as HTML
  [1m[36mEmployee Load (0.1ms)[0m  [1mSELECT  "employees".* FROM "employees"  WHERE "employees"."id" = ? LIMIT 1[0m  [["id", 2]]
  Rendered manager/base/index.html.erb within layouts/application (0.8ms)
Completed 200 OK in 89ms (Views: 87.8ms | ActiveRecord: 0.1ms)


Started GET "/tables" for 127.0.0.1 at 2014-11-19 01:50:40 -0600
Processing by TablesController#index as HTML
  [1m[35mTable Load (0.1ms)[0m  SELECT "tables".* FROM "tables"
  Rendered tables/index.html.erb within layouts/application (0.5ms)
  [1m[36mEmployee Load (0.1ms)[0m  [1mSELECT  "employees".* FROM "employees"  WHERE "employees"."id" = ? LIMIT 1[0m  [["id", 2]]
Completed 200 OK in 82ms (Views: 81.4ms | ActiveRecord: 0.2ms)


Started GET "/manager" for 127.0.0.1 at 2014-11-19 01:50:43 -0600
Processing by Manager::BaseController#index as HTML
  [1m[35mEmployee Load (0.1ms)[0m  SELECT  "employees".* FROM "employees"  WHERE "employees"."id" = ? LIMIT 1  [["id", 2]]
  Rendered manager/base/index.html.erb within layouts/application (0.4ms)
Completed 200 OK in 92ms (Views: 90.5ms | ActiveRecord: 0.1ms)


Started GET "/manager/items" for 127.0.0.1 at 2014-11-19 01:50:44 -0600
Processing by Manager::ItemsController#index as HTML
  [1m[36mCategory Load (0.1ms)[0m  [1mSELECT "categories".* FROM "categories"[0m
  Rendered manager/items/index.html.erb within layouts/application (3.8ms)
  [1m[35mEmployee Load (0.1ms)[0m  SELECT  "employees".* FROM "employees"  WHERE "employees"."id" = ? LIMIT 1  [["id", 2]]
Completed 200 OK in 92ms (Views: 90.9ms | ActiveRecord: 0.2ms)
